[    0.000000] Initializing cgroup subsys cpuset
[    0.000000] Initializing cgroup subsys cpu
[    0.000000] Initializing cgroup subsys cpuacct
[    0.000000] Linux version 4.4.0-146-generic (buildd@lcy01-amd64-025) (gcc version 5.4.0 20160609 (Ubuntu 5.4.0-6ubuntu1~16.04.10) ) #172-Ubuntu SMP Wed Apr 3 09:00:08 UTC 2019 (Ubuntu 4.4.0-146.172-generic 4.4.177)
[    0.000000] Command line: BOOT_IMAGE=/boot/vmlinuz-4.4.0-146-generic root=LABEL=cloudimg-rootfs ro console=tty1 console=ttyS0
[    0.000000] KERNEL supported cpus:
[    0.000000]   Intel GenuineIntel
[    0.000000]   AMD AuthenticAMD
[    0.000000]   Centaur CentaurHauls
[    0.000000] x86/fpu: Legacy x87 FPU detected.
[    0.000000] e820: BIOS-provided physical RAM map:
[    0.000000] BIOS-e820: [mem 0x0000000000000000-0x000000000009fbff] usable
[    0.000000] BIOS-e820: [mem 0x000000000009fc00-0x000000000009ffff] reserved
[    0.000000] BIOS-e820: [mem 0x00000000000f0000-0x00000000000fffff] reserved
[    0.000000] BIOS-e820: [mem 0x0000000000100000-0x000000003ffeffff] usable
[    0.000000] BIOS-e820: [mem 0x000000003fff0000-0x000000003fffffff] ACPI data
[    0.000000] BIOS-e820: [mem 0x00000000fec00000-0x00000000fec00fff] reserved
[    0.000000] BIOS-e820: [mem 0x00000000fee00000-0x00000000fee00fff] reserved
[    0.000000] BIOS-e820: [mem 0x00000000fffc0000-0x00000000ffffffff] reserved
[    0.000000] NX (Execute Disable) protection: active
[    0.000000] SMBIOS 2.5 present.
[    0.000000] Hypervisor detected: KVM
[    0.000000] e820: last_pfn = 0x3fff0 max_arch_pfn = 0x400000000
[    0.000000] MTRR: Disabled
[    0.000000] x86/PAT: MTRRs disabled, skipping PAT initialization too.
[    0.000000] CPU MTRRs all blank - virtualized system.
[    0.000000] x86/PAT: Configuration [0-7]: WB  WT  UC- UC  WB  WT  UC- UC  
[    0.000000] found SMP MP-table at [mem 0x0009fff0-0x0009ffff] mapped at [ffff88000009fff0]
[    0.000000] Scanning 1 areas for low memory corruption
[    0.000000] RAMDISK: [mem 0x362fc000-0x37175fff]
[    0.000000] ACPI: Early table checksum verification disabled
[    0.000000] ACPI: RSDP 0x00000000000E0000 000024 (v02 VBOX  )
[    0.000000] ACPI: XSDT 0x000000003FFF0030 00003C (v01 VBOX   VBOXXSDT 00000001 ASL  00000061)
[    0.000000] ACPI: FACP 0x000000003FFF00F0 0000F4 (v04 VBOX   VBOXFACP 00000001 ASL  00000061)
[    0.000000] ACPI: DSDT 0x000000003FFF0470 0021FF (v02 VBOX   VBOXBIOS 00000002 INTL 20160108)
[    0.000000] ACPI: FACS 0x000000003FFF0200 000040
[    0.000000] ACPI: FACS 0x000000003FFF0200 000040
[    0.000000] ACPI: APIC 0x000000003FFF0240 00005C (v02 VBOX   VBOXAPIC 00000001 ASL  00000061)
[    0.000000] ACPI: SSDT 0x000000003FFF02A0 0001CC (v01 VBOX   VBOXCPUT 00000002 INTL 20160108)
[    0.000000] No NUMA configuration found
[    0.000000] Faking a node at [mem 0x0000000000000000-0x000000003ffeffff]
[    0.000000] NODE_DATA(0) allocated [mem 0x3ffeb000-0x3ffeffff]
[    0.000000] kvm-clock: Using msrs 4b564d01 and 4b564d00
[    0.000000] kvm-clock: cpu 0, msr 0:3ffe3001, primary cpu clock
[    0.000000] kvm-clock: using sched offset of 5935274165 cycles
[    0.000000] clocksource: kvm-clock: mask: 0xffffffffffffffff max_cycles: 0x1cd42e4dffb, max_idle_ns: 881590591483 ns
[    0.000000] Zone ranges:
[    0.000000]   DMA      [mem 0x0000000000001000-0x0000000000ffffff]
[    0.000000]   DMA32    [mem 0x0000000001000000-0x000000003ffeffff]
[    0.000000]   Normal   empty
[    0.000000]   Device   empty
[    0.000000] Movable zone start for each node
[    0.000000] Early memory node ranges
[    0.000000]   node   0: [mem 0x0000000000001000-0x000000000009efff]
[    0.000000]   node   0: [mem 0x0000000000100000-0x000000003ffeffff]
[    0.000000] Initmem setup node 0 [mem 0x0000000000001000-0x000000003ffeffff]
[    0.000000] ACPI: PM-Timer IO Port: 0x4008
[    0.000000] IOAPIC[0]: apic_id 2, version 32, address 0xfec00000, GSI 0-23
[    0.000000] ACPI: INT_SRC_OVR (bus 0 bus_irq 0 global_irq 2 dfl dfl)
[    0.000000] ACPI: INT_SRC_OVR (bus 0 bus_irq 9 global_irq 9 high level)
[    0.000000] Using ACPI (MADT) for SMP configuration information
[    0.000000] smpboot: Allowing 2 CPUs, 0 hotplug CPUs
[    0.000000] PM: Registered nosave memory: [mem 0x00000000-0x00000fff]
[    0.000000] PM: Registered nosave memory: [mem 0x0009f000-0x0009ffff]
[    0.000000] PM: Registered nosave memory: [mem 0x000a0000-0x000effff]
[    0.000000] PM: Registered nosave memory: [mem 0x000f0000-0x000fffff]
[    0.000000] e820: [mem 0x40000000-0xfebfffff] available for PCI devices
[    0.000000] Booting paravirtualized kernel on KVM
[    0.000000] clocksource: refined-jiffies: mask: 0xffffffff max_cycles: 0xffffffff, max_idle_ns: 7645519600211568 ns
[    0.000000] setup_percpu: NR_CPUS:512 nr_cpumask_bits:512 nr_cpu_ids:2 nr_node_ids:1
[    0.000000] PERCPU: Embedded 34 pages/cpu @ffff88003fc00000 s99480 r8192 d31592 u1048576
[    0.000000] Built 1 zonelists in Node order, mobility grouping on.  Total pages: 257912
[    0.000000] Policy zone: DMA32
[    0.000000] Kernel command line: BOOT_IMAGE=/boot/vmlinuz-4.4.0-146-generic root=LABEL=cloudimg-rootfs ro console=tty1 console=ttyS0
[    0.000000] PID hash table entries: 4096 (order: 3, 32768 bytes)
[    0.000000] Memory: 997736K/1048120K available (8609K kernel code, 1334K rwdata, 4028K rodata, 1484K init, 1284K bss, 50384K reserved, 0K cma-reserved)
[    0.000000] SLUB: HWalign=64, Order=0-3, MinObjects=0, CPUs=2, Nodes=1
[    0.000000] Kernel/User page tables isolation: enabled
[    0.000000] Hierarchical RCU implementation.
[    0.000000] 	Build-time adjustment of leaf fanout to 64.
[    0.000000] 	RCU restricting CPUs from NR_CPUS=512 to nr_cpu_ids=2.
[    0.000000] RCU: Adjusting geometry for rcu_fanout_leaf=64, nr_cpu_ids=2
[    0.000000] NR_IRQS:33024 nr_irqs:440 16
[    0.000000] Console: colour VGA+ 80x25
[    0.000000] console [tty1] enabled
[    0.000000] console [ttyS0] enabled
[    0.000000] tsc: Detected 2393.996 MHz processor
[    1.758392] Calibrating delay loop (skipped) preset value.. 4787.99 BogoMIPS (lpj=9575984)
[    1.828724] pid_max: default: 32768 minimum: 301
[    1.906093] ACPI: Core revision 20150930
[    1.929407] ACPI: 2 ACPI AML tables successfully acquired and loaded
[    1.971492] Security Framework initialized
[    2.018642] Yama: becoming mindful.
[    2.032172] AppArmor: AppArmor initialized
[    2.089659] Dentry cache hash table entries: 131072 (order: 8, 1048576 bytes)
[    2.093123] Inode-cache hash table entries: 65536 (order: 7, 524288 bytes)
[    2.201021] Mount-cache hash table entries: 2048 (order: 2, 16384 bytes)
[    2.308408] Mountpoint-cache hash table entries: 2048 (order: 2, 16384 bytes)
[    2.312273] Initializing cgroup subsys io
[    2.366890] Initializing cgroup subsys memory
[    2.383686] Initializing cgroup subsys devices
[    2.386386] Initializing cgroup subsys freezer
[    2.389123] Initializing cgroup subsys net_cls
[    2.391766] Initializing cgroup subsys perf_event
[    2.394516] Initializing cgroup subsys net_prio
[    2.397281] Initializing cgroup subsys hugetlb
[    2.399961] Initializing cgroup subsys pids
[    2.402727] mce: CPU supports 0 MCE banks
[    2.405382] Last level iTLB entries: 4KB 128, 2MB 4, 4MB 4
[    2.408542] Last level dTLB entries: 4KB 256, 2MB 0, 4MB 32, 1GB 0
[    2.411971] Spectre V2 : Mitigation: Full generic retpoline
[    2.415413] Spectre V2 : Spectre v2 / SpectreRSB mitigation: Filling RSB on context switch
[    2.420613] Speculative Store Bypass: Vulnerable
[    2.429274] Freeing SMP alternatives memory: 36K
[    2.442295] ftrace: allocating 32287 entries in 127 pages
[    2.538996] smpboot: APIC(0) Converting physical 0 to logical package 0
[    2.631296] smpboot: Max logical packages: 1
[    2.700818] x2apic enabled
[    2.726748] Switched APIC routing to physical x2apic.
[    2.743919] ..TIMER: vector=0x30 apic1=0 pin1=2 apic2=-1 pin2=-1
[    2.858998] smpboot: CPU0: Intel(R) Core(TM)2 Duo CPU     T8300  @ 2.40GHz (family: 0x6, model: 0x17, stepping: 0x6)
[    2.925189] Performance Events: unsupported p6 CPU model 23 no PMU driver, software events only.
[    3.102418] KVM setup paravirtual spinlock
[    3.158102] x86: Booting SMP configuration:
[    3.208999] .... node  #0, CPUs:      #1
[    3.255046] kvm-clock: cpu 1, msr 0:3ffe3041, secondary cpu clock
[    3.267294] mce: CPU supports 0 MCE banks
[    3.270822] x86: Booted up 1 node, 2 CPUs
[    3.274320] smpboot: Total of 2 processors activated (9575.98 BogoMIPS)
[    3.285213] devtmpfs: initialized
[    3.291473] evm: security.selinux
[    3.299373] evm: security.SMACK64
[    3.300962] evm: security.SMACK64EXEC
[    3.302653] evm: security.SMACK64TRANSMUTE
[    3.304478] evm: security.SMACK64MMAP
[    3.307281] evm: security.ima
[    3.308759] evm: security.capability
[    3.312050] clocksource: jiffies: mask: 0xffffffff max_cycles: 0xffffffff, max_idle_ns: 7645041785100000 ns
[    3.317269] futex hash table entries: 512 (order: 3, 32768 bytes)
[    3.320991] pinctrl core: initialized pinctrl subsystem
[    3.340576] RTC time: 21:21:51, date: 05/08/19
[    3.343062] NET: Registered protocol family 16
[    3.355359] cpuidle: using governor ladder
[    3.419397] cpuidle: using governor menu
[    3.461268] PCCT header not found.
[    3.484271] ACPI: bus type PCI registered
[    3.488471] acpiphp: ACPI Hot Plug PCI Controller Driver version: 0.5
[    3.497932] PCI: Using configuration type 1 for base access
[    3.558772] ACPI: Added _OSI(Module Device)
[    3.569044] ACPI: Added _OSI(Processor Device)
[    3.571913] ACPI: Added _OSI(3.0 _SCP Extensions)
[    3.574900] ACPI: Added _OSI(Processor Aggregator Device)
[    3.579410] ACPI: Executed 1 blocks of module-level executable AML code
[    3.587015] ACPI: Interpreter enabled
[    3.589550] ACPI: (supports S0 S5)
[    3.591959] ACPI: Using IOAPIC for interrupt routing
[    3.595941] PCI: Using host bridge windows from ACPI; if necessary, use "pci=nocrs" and report a bug
[    3.608488] ACPI: PCI Root Bridge [PCI0] (domain 0000 [bus 00-ff])
[    3.612255] acpi PNP0A03:00: _OSC: OS supports [ASPM ClockPM Segments MSI]
[    3.616325] acpi PNP0A03:00: _OSC: not requesting OS control; OS requires [ExtendedConfig ASPM ClockPM MSI]
[    3.622270] acpi PNP0A03:00: fail to add MMCONFIG information, can't access extended PCI configuration space under this bridge.
[    3.629550] PCI host bridge to bus 0000:00
[    3.632238] pci_bus 0000:00: root bus resource [io  0x0000-0x0cf7 window]
[    3.636151] pci_bus 0000:00: root bus resource [io  0x0d00-0xffff window]
[    3.639993] pci_bus 0000:00: root bus resource [mem 0x000a0000-0x000bffff window]
[    3.644708] pci_bus 0000:00: root bus resource [mem 0x40000000-0xffdfffff window]
[    3.649427] pci_bus 0000:00: root bus resource [bus 00-ff]
[    3.655589] pci 0000:00:01.1: legacy IDE quirk: reg 0x10: [io  0x01f0-0x01f7]
[    3.659858] pci 0000:00:01.1: legacy IDE quirk: reg 0x14: [io  0x03f6]
[    3.663668] pci 0000:00:01.1: legacy IDE quirk: reg 0x18: [io  0x0170-0x0177]
[    3.668276] pci 0000:00:01.1: legacy IDE quirk: reg 0x1c: [io  0x0376]
[    3.745269] pci 0000:00:07.0: quirk: [io  0x4000-0x403f] claimed by PIIX4 ACPI
[    3.757989] pci 0000:00:07.0: quirk: [io  0x4100-0x410f] claimed by PIIX4 SMB
[    3.785605] ACPI: PCI Interrupt Link [LNKA] (IRQs 5 9 10 *11)
[    3.795139] ACPI: PCI Interrupt Link [LNKB] (IRQs 5 9 10 *11)
[    3.800893] ACPI: PCI Interrupt Link [LNKC] (IRQs 5 9 *10 11)
[    3.805186] ACPI: PCI Interrupt Link [LNKD] (IRQs 5 *9 10 11)
[    3.810455] ACPI: Enabled 2 GPEs in block 00 to 07
[    3.816913] vgaarb: setting as boot device: PCI:0000:00:02.0
[    3.849657] vgaarb: device added: PCI:0000:00:02.0,decodes=io+mem,owns=io+mem,locks=none
[    3.862766] vgaarb: loaded
[    3.865315] vgaarb: bridge control possible 0000:00:02.0
[    3.872495] SCSI subsystem initialized
[    3.877467] ACPI: bus type USB registered
[    3.888596] usbcore: registered new interface driver usbfs
[    3.891874] usbcore: registered new interface driver hub
[    3.895780] usbcore: registered new device driver usb
[    3.904931] PCI: Using ACPI for IRQ routing
[    3.920112] NetLabel: Initializing
[    3.921730] NetLabel:  domain hash size = 128
[    3.924730] NetLabel:  protocols = UNLABELED CIPSOv4
[    3.950713] NetLabel:  unlabeled traffic allowed by default
[    3.954573] amd_nb: Cannot enumerate AMD northbridges
[    3.996833] clocksource: Switched to clocksource kvm-clock
[    4.019310] AppArmor: AppArmor Filesystem Enabled
[    4.109429] pnp: PnP ACPI init
[    4.175926] pnp: PnP ACPI: found 3 devices
[    4.226553] clocksource: acpi_pm: mask: 0xffffff max_cycles: 0xffffff, max_idle_ns: 2085701024 ns
[    4.237419] NET: Registered protocol family 2
[    4.241183] TCP established hash table entries: 8192 (order: 4, 65536 bytes)
[    4.250197] TCP bind hash table entries: 8192 (order: 5, 131072 bytes)
[    4.252677] TCP: Hash tables configured (established 8192 bind 8192)
[    4.271463] UDP hash table entries: 512 (order: 2, 16384 bytes)
[    4.311635] UDP-Lite hash table entries: 512 (order: 2, 16384 bytes)
[    4.316377] NET: Registered protocol family 1
[    4.318397] pci 0000:00:00.0: Limiting direct PCI/PCI transfers
[    4.380795] pci 0000:00:01.0: Activating ISA DMA hang workarounds
[    4.383432] Unpacking initramfs...
[    4.766822] Freeing initrd memory: 14824K
[    4.772305] platform rtc_cmos: registered platform RTC device (no PNP device found)
[    4.778420] Scanning for low memory corruption every 60 seconds
[    4.783036] audit: initializing netlink subsys (disabled)
[    4.786972] audit: type=2000 audit(1557350517.191:1): initialized
[    4.791656] Initialise system trusted keyring
[    4.796174] HugeTLB registered 2 MB page size, pre-allocated 0 pages
[    4.802792] zbud: loaded
[    4.805514] VFS: Disk quotas dquot_6.6.0
[    4.808158] VFS: Dquot-cache hash table entries: 512 (order 0, 4096 bytes)
[    4.812693] squashfs: version 4.0 (2009/01/31) Phillip Lougher
[    4.816997] fuse init (API version 7.23)
[    4.819838] Key type big_key registered
[    4.822449] Allocating IMA MOK and blacklist keyrings.
[    4.833558] Key type asymmetric registered
[    4.836359] Asymmetric key parser 'x509' registered
[    4.839632] Block layer SCSI generic (bsg) driver version 0.4 loaded (major 249)
[    4.846275] io scheduler noop registered
[    4.849735] io scheduler deadline registered (default)
[    4.853422] io scheduler cfq registered
[    4.856314] pci_hotplug: PCI Hot Plug PCI Core version: 0.5
[    4.860377] pciehp: PCI Express Hot Plug Controller Driver version: 0.4
[    4.883142] ACPI: AC Adapter [AC] (on-line)
[    4.916849] input: Power Button as /devices/LNXSYSTM:00/LNXPWRBN:00/input/input0
[    5.047686] ACPI: Power Button [PWRF]
[    5.066486] input: Sleep Button as /devices/LNXSYSTM:00/LNXSLPBN:00/input/input1
[    5.111983] ACPI: Sleep Button [SLPF]
[    5.137984] ACPI: Battery Slot [BAT0] (battery present)
[    5.182687] GHES: HEST is not enabled!
[    5.196504] Serial: 8250/16550 driver, 32 ports, IRQ sharing enabled
[    5.270680] 00:02: ttyS0 at I/O 0x3f8 (irq = 4, base_baud = 115200) is a 16550A
[    5.293724] Linux agpgart interface v0.103
[    5.310103] loop: module loaded
[    5.351565] scsi host0: ata_piix
[    5.366665] scsi host1: ata_piix
[    5.376844] ata1: PATA max UDMA/33 cmd 0x1f0 ctl 0x3f6 bmdma 0xd000 irq 14
[    5.434417] ata2: PATA max UDMA/33 cmd 0x170 ctl 0x376 bmdma 0xd008 irq 15
[    5.470828] libphy: Fixed MDIO Bus: probed
[    5.486363] tun: Universal TUN/TAP device driver, 1.6
[    5.496236] tun: (C) 1999-2004 Max Krasnyansky <maxk@qualcomm.com>
[    5.526450] PPP generic driver version 2.4.2
[    5.542225] ehci_hcd: USB 2.0 'Enhanced' Host Controller (EHCI) Driver
[    5.662198] ehci-pci: EHCI PCI platform driver
[    5.698184] ehci-platform: EHCI generic platform driver
[    5.722180] ohci_hcd: USB 1.1 'Open' Host Controller (OHCI) Driver
[    5.770674] tsc: Refined TSC clocksource calibration: 2395.238 MHz
[    5.830162] clocksource: tsc: mask: 0xffffffffffffffff max_cycles: 0x2286a4e34c9, max_idle_ns: 440795272198 ns
[    5.830434] ohci-pci: OHCI PCI platform driver
[    5.830491] ohci-platform: OHCI generic platform driver
[    5.830506] uhci_hcd: USB Universal Host Controller Interface driver
[    5.830638] i8042: PNP: PS/2 Controller [PNP0303:PS2K,PNP0f03:PS2M] at 0x60,0x64 irq 1,12
[    5.831520] serio: i8042 KBD port at 0x60,0x64 irq 1
[    5.831534] serio: i8042 AUX port at 0x60,0x64 irq 12
[    5.858096] mousedev: PS/2 mouse device common for all mice
[    5.858687] input: AT Translated Set 2 keyboard as /devices/platform/i8042/serio0/input/input2
[    5.859361] rtc_cmos rtc_cmos: rtc core: registered rtc_cmos as rtc0
[    5.859487] rtc_cmos rtc_cmos: alarms up to one day, 114 bytes nvram
[    5.859497] i2c /dev entries driver
[    5.859590] device-mapper: uevent: version 1.0.3
[    5.859702] device-mapper: ioctl: 4.34.0-ioctl (2015-10-28) initialised: dm-devel@redhat.com
[    5.859744] ledtrig-cpu: registered to indicate activity on CPUs
[    5.860265] NET: Registered protocol family 10
[    5.860730] NET: Registered protocol family 17
[    5.860759] Key type dns_resolver registered
[    5.861574] registered taskstats version 1
[    5.861603] Loading compiled-in X.509 certificates
[    5.862793] Loaded X.509 cert 'Build time autogenerated kernel key: 4dcb2dc2c7cf43e0c20c44384f68683c20294489'
[    5.862824] zswap: loaded using pool lzo/zbud
[    5.881564] Key type trusted registered
[    5.952549] Key type encrypted registered
[    5.952560] AppArmor: AppArmor sha1 policy hashing enabled
[    5.952576] ima: No TPM chip found, activating TPM-bypass!
[    5.952589] ima: Allocated hash algorithm: sha1
[    5.952635] evm: HMAC attrs: 0x1
[    5.953234]   Magic number: 3:645:398
[    5.969008] rtc_cmos rtc_cmos: setting system clock to 2019-05-08 21:21:53 UTC (1557350513)
[    5.969334] BIOS EDD facility v0.16 2004-Jun-25, 0 devices found
[    5.969335] EDD information not available.
[    7.251147] Freeing unused kernel memory: 1484K
[    7.274095] Write protecting the kernel read-only data: 14336k
[    7.301798] Freeing unused kernel memory: 1620K
[    7.311187] Freeing unused kernel memory: 68K
Loading, please wait...
starting version 229
[    7.549499] random: systemd-udevd: uninitialized urandom read (16 bytes read, 4 bits of entropy available)
[    7.567018] random: udevadm: uninitialized urandom read (16 bytes read, 4 bits of entropy available)
[    7.567156] random: udevadm: uninitialized urandom read (16 bytes read, 4 bits of entropy available)
[    7.589433] random: systemd-udevd: uninitialized urandom read (16 bytes read, 4 bits of entropy available)
[    7.604586] random: systemd-udevd: uninitialized urandom read (16 bytes read, 4 bits of entropy available)
[    7.611466] random: systemd-udevd: uninitialized urandom read (16 bytes read, 4 bits of entropy available)
[    7.637919] random: systemd-udevd: uninitialized urandom read (16 bytes read, 4 bits of entropy available)
[    7.644328] random: systemd-udevd: uninitialized urandom read (16 bytes read, 4 bits of entropy available)
[    7.651378] random: systemd-udevd: uninitialized urandom read (16 bytes read, 4 bits of entropy available)
[    7.664710] random: systemd-udevd: uninitialized urandom read (16 bytes read, 4 bits of entropy available)
[    8.042273] Fusion MPT base driver 3.04.20
[    8.047375] e1000: Intel(R) PRO/1000 Network Driver - version 7.3.21-k8-NAPI
[    8.047376] e1000: Copyright (c) 1999-2006 Intel Corporation.
[    8.138844] Copyright (c) 1999-2008 LSI Corporation
[    8.214804] Fusion MPT SPI Host driver 3.04.20
[    8.361689] input: ImExPS/2 Generic Explorer Mouse as /devices/platform/i8042/serio1/input/input4
[    8.815015] e1000 0000:00:03.0 eth0: (PCI:33MHz:32-bit) 02:9b:bc:73:96:26
[    8.837088] e1000 0000:00:03.0 eth0: Intel(R) PRO/1000 Network Connection
[    8.849243] mptbase: ioc0: Initiating bringup
[    8.852947] e1000 0000:00:03.0 enp0s3: renamed from eth0
[    8.934066] ioc0: LSI53C1030 A0: Capabilities={Initiator}
[    9.129969] scsi host2: ioc0: LSI53C1030 A0, FwRev=00000000h, Ports=1, MaxQ=256, IRQ=20
[    9.258083] scsi 2:0:0:0: Direct-Access     VBOX     HARDDISK         1.0  PQ: 0 ANSI: 5
[    9.267036] scsi target2:0:0: Beginning Domain Validation
[    9.271249] scsi target2:0:0: Domain Validation skipping write tests
[    9.275340] scsi target2:0:0: Ending Domain Validation
[    9.282112] scsi target2:0:0: asynchronous
[    9.320797] scsi 2:0:1:0: Direct-Access     VBOX     HARDDISK         1.0  PQ: 0 ANSI: 5
[    9.328281] scsi target2:0:1: Beginning Domain Validation
[    9.409924] scsi target2:0:1: Domain Validation skipping write tests
[    9.502622] scsi target2:0:1: Ending Domain Validation
[    9.512776] scsi target2:0:1: asynchronous
[    9.582752] sd 2:0:0:0: [sda] 20971520 512-byte logical blocks: (10.7 GB/10.0 GiB)
[    9.590038] sd 2:0:0:0: Attached scsi generic sg0 type 0
[    9.595783] sd 2:0:0:0: [sda] Write Protect is off
[    9.597012] sd 2:0:0:0: [sda] Incomplete mode parameter data
[    9.597014] sd 2:0:0:0: [sda] Assuming drive cache: write through
[    9.616534] sd 2:0:1:0: [sdb] 20480 512-byte logical blocks: (10.5 MB/10.0 MiB)
[    9.623364] sd 2:0:1:0: Attached scsi generic sg1 type 0
[    9.627719] sd 2:0:1:0: [sdb] Write Protect is off
[    9.662656]  sda: sda1
[    9.674329] sd 2:0:1:0: [sdb] Incomplete mode parameter data
[    9.710325] sd 2:0:1:0: [sdb] Assuming drive cache: write through
[    9.711104] sd 2:0:0:0: [sda] Attached SCSI disk
[    9.946149] sd 2:0:1:0: [sdb] Attached SCSI disk
Begin: Loading essential drivers ... [   12.874933] md: linear personality registered for level -1
[   12.916997] md: multipath personality registered for level -4
[   12.950619] md: raid0 personality registered for level 0
[   13.008894] md: raid1 personality registered for level 1
[   13.205033] raid6: sse2x1   gen()  2979 MB/s
[   13.336915] raid6: sse2x1   xor()  3904 MB/s
[   13.416931] raid6: sse2x2   gen()  4326 MB/s
[   13.488893] raid6: sse2x2   xor()  4861 MB/s
[   13.560878] raid6: sse2x4   gen()  6868 MB/s
[   13.628906] raid6: sse2x4   xor()  5398 MB/s
[   13.635252] raid6: using algorithm sse2x4 gen() 6868 MB/s
[   13.638658] raid6: .... xor() 5398 MB/s, rmw enabled
[   13.642401] raid6: using ssse3x2 recovery algorithm
[   13.652919] xor: measuring software checksum speed
[   13.712787]    prefetch64-sse: 17004.000 MB/sec
[   13.772790]    generic_sse: 17011.000 MB/sec
[   13.786081] xor: using function: generic_sse (17011.000 MB/sec)
[   13.792951] async_tx: api initialized (async)
[   13.861312] md: raid6 personality registered for level 6
[   13.883132] md: raid5 personality registered for level 5
[   13.902136] md: raid4 personality registered for level 4
[   14.001174] md: raid10 personality registered for level 10
done.
Begin: Running /scripts/init-premount ... done.
Begin: Mounting root file system ... Begin: Running /scripts/local-top ... done.
Begin: Running /scripts/local-premount ... [   14.277167] Btrfs loaded
Scanning for Btrfs filesystems
done.
Warning: fsck not present, so skipping root file system
[   14.654507] EXT4-fs (sda1): mounted filesystem with ordered data mode. Opts: (null)
done.
Begin: Running /scripts/local-bottom ... done.
Begin: Running /scripts/init-bottom ... done.
[   15.467208] random: nonblocking pool is initialized
[   15.902348] systemd[1]: systemd 229 running in system mode. (+PAM +AUDIT +SELINUX +IMA +APPARMOR +SMACK +SYSVINIT +UTMP +LIBCRYPTSETUP +GCRYPT +GNUTLS +ACL +XZ -LZ4 +SECCOMP +BLKID +ELFUTILS +KMOD -IDN)
[   15.923915] systemd[1]: Detected virtualization oracle.
[   15.996201] systemd[1]: Detected architecture x86-64.

Welcome to [1mUbuntu 16.04.6 LTS[0m!

[   16.108407] systemd[1]: Set hostname to <ubuntu-xenial>.
[   17.740759] systemd[1]: Listening on Device-mapper event daemon FIFOs.
[[0;32m  OK  [0m] Listening on Device-mapper event daemon FIFOs.
[   17.893940] systemd[1]: Reached target System Time Synchronized.
[[0;32m  OK  [0m] Reached target System Time Synchronized.
[   17.903058] systemd[1]: Reached target User and Group Name Lookups.
[[0;32m  OK  [0m] Reached target User and Group Name Lookups.
[   17.942540] systemd[1]: Set up automount Arbitrary Executable File Formats File System Automount Point.
[[0;32m  OK  [0m] Set up automount Arbitrary Executab...ats File System Automount Point.
[   18.093536] systemd[1]: Listening on Syslog Socket.
[[0;32m  OK  [0m] Listening on Syslog Socket.
[   18.222183] systemd[1]: Listening on udev Kernel Socket.
[[0;32m  OK  [0m] Listening on udev Kernel Socket.
[   18.275800] systemd[1]: Started Trigger resolvconf update for networkd DNS.
[[0;32m  OK  [0m] Started Trigger resolvconf update for networkd DNS.
[   18.387977] systemd[1]: Started Forward Password Requests to Wall Directory Watch.
[[0;32m  OK  [0m] Started Forward Password Requests to Wall Directory Watch.
[   18.453597] systemd[1]: Reached target Encrypted Volumes.
[[0;32m  OK  [0m] Reached target Encrypted Volumes.
[   18.513030] systemd[1]: Reached target Swap.
[[0;32m  OK  [0m] Reached target Swap.
[   18.522449] systemd[1]: Created slice System Slice.
[[0;32m  OK  [0m] Created slice System Slice.
[   18.530143] systemd[1]: Created slice system-serial\x2dgetty.slice.
[[0;32m  OK  [0m] Created slice system-serial\x2dgetty.slice.
[   18.661880] systemd[1]: Listening on LVM2 poll daemon socket.
[[0;32m  OK  [0m] Listening on LVM2 poll daemon socket.
[   18.735941] systemd[1]: Listening on LVM2 metadata daemon socket.
[[0;32m  OK  [0m] Listening on LVM2 metadata daemon socket.
[   18.869888] systemd[1]: Listening on udev Control Socket.
[[0;32m  OK  [0m] Listening on udev Control Socket.
[   18.966199] systemd[1]: Listening on Journal Socket (/dev/log).
[[0;32m  OK  [0m] Listening on Journal Socket (/dev/log).
[   19.021771] systemd[1]: Listening on Journal Socket.
[[0;32m  OK  [0m] Listening on Journal Socket.
[   19.078199] systemd[1]: Starting Load Kernel Modules...
         Starting Load Kernel Modules...
[   19.181801] systemd[1]: Starting Create list of required static device nodes for the current kernel...
         Starting Create list of required st... nodes for the current kernel...
[   19.246834] systemd[1]: Starting Uncomplicated firewall...
         Starting Uncomplicated firewall...
[   19.285002] Loading iSCSI transport class v2.0-870.
[   19.338538] systemd[1]: Starting Monitoring of LVM2 mirrors, snapshots etc. using dmeventd or progress polling...
         Starting Monitoring of LVM2 mirrors... dmeventd or prog[   19.375407] iscsi: registered transport (tcp)
ress polling...
[   19.410583] systemd[1]: Mounting Debug File System...
         Mounting Debug File System...
[   19.445183] systemd[1]: Starting Remount Root and Kernel File Systems...
         Starting Remount Root and Kernel File Systems...
[   19.467447] systemd[1]: Starting Nameserver information manager...
         Starting Nameserver information manager...
[   19.531350] systemd[1]: Starting Set console keymap...
         Starting Set console keymap...
[   19.607734] systemd[1]: Mounting POSIX Message Queue File System...
         Mounting POSIX Message Queue File System...
[   19.643426] systemd[1]: Listening on Journal Audit Socket.
[[0;32m  OK  [0m] Listening on Journal Audit Socket.
[   19.726615] systemd[1]: Starting Journal Service...
         Starting Journal Service...
[   19.739197] systemd[1]: Listening on /dev/initctl Compatibility Named Pipe.
[[0;32m  OK  [0m] Listening on /dev/initctl Compatibility Named Pipe.
[   19.789963] systemd[1]: Mounting Huge Pages File System...
         Mounting Huge Pages File System...
[   19.806682] EXT4-fs (sda1): re-mounted. Opts: (null)
[   19.824183] systemd[1]: Created slice User and Session Slice.
[[0;32m  OK  [0m] Created slice User and Session Slice.
[   19.834337] systemd[1]: Reached target Slices.
[[0;32m  OK  [0m] Reached target Slices.
[   19.882430] systemd[1]: Mounted POSIX Message Queue File System.
[[0;32m  OK  [0m] Mounted POSIX Message Queue File System.
[   19.905180] systemd[1]: Mounted Debug File System.
[[0;32m  OK  [0m] Mounted Debug File System.
[   19.912933] systemd[1]: Mounted Huge Pages File System.
[[0;32m  OK  [0m] Mounted Huge Pages File System.
[   19.941143] iscsi: registered transport (iser)
[   19.946640] systemd[1]: Started Create list of required static device nodes for the current kernel.
[[0;32m  OK  [0m] Started Create list of required sta...ce nodes for the current kernel.
[   20.039435] systemd[1]: Started Uncomplicated firewall.
[[0;32m  OK  [0m] Started Uncomplicated firewall.
[   20.062385] systemd[1]: Started Load Kernel Modules.
[[0;32m  OK  [0m] Started Load Kernel Modules.
[   20.081909] systemd[1]: Started Remount Root and Kernel File Systems.
[[0;32m  OK  [0m] Started Remount Root and Kernel File Systems.
[   20.271474] systemd[1]: Started Journal Service.
[[0;32m  OK  [0m] Started Journal Service.
[[0;32m  OK  [0m] Started Nameserver information manager.
[[0;32m  OK  [0m] Started LVM2 metadata daemon.
         Starting Flush Journal to Persistent Storage...
         Starting Load/Save Random Seed...
         Starting udev Coldplug all Devices...
         Mounting FUSE Control File System...
         Starting Apply Kernel Variables...
         Starting Create Static Device Nodes in /dev...
[[0;32m  OK  [0m] Mounted FUSE Control File System.
[[0;32m  OK  [0m] Started Set console keymap.
[[0;32m  OK  [0m] Started Load/Save Random Seed.
[[0;32m  OK  [0m] Started Apply Kernel Variables.
[[0;32m  OK  [0m] Started Flush Journal to Persistent Storage.
[[0;32m  OK  [0m] Started Create Static Device Nodes in /dev.
[[0;32m  OK  [0m] Started Monitoring of LVM2 mirrors,...ng dmeventd or progress polling.
         Starting udev Kernel Device Manager...
[[0;32m  OK  [0m] Reached target Local File Systems (Pre).
[[0;32m  OK  [0m] Reached target Local File Systems.
         Starting Initial cloud-init job (pre-networking)...
         Starting Tell Plymouth To Write Out Runtime Data...
         Starting Create Volatile Files and Directories...
         Starting LSB: AppArmor initialization...
         Starting Set console font and keymap...
[[0;32m  OK  [0m] Started Tell Plymouth To Write Out Runtime Data.
[[0;32m  OK  [0m] Started udev Coldplug all Devices.
[[0;32m  OK  [0m] Started Create Volatile Files and Directories.
         Starting Update UTMP about System Boot/Shutdown...
[[0;32m  OK  [0m] Started Update UTMP about System Boot/Shutdown.
[[0;32m  OK  [0m] Started udev Kernel Device Manager.
[[0;32m  OK  [0m] Started Dispatch Password Requests to Console Directory Watch.
[[0;32m  OK  [0m] Found device /dev/ttyS0.
[[0;32m  OK  [0m] Listening on Load/Save RF Kill Switch Status /dev/rfkill Watch.
[[0;32m  OK  [0m] Started LSB: AppArmor initialization.
[[0;32m  OK  [0m] Started Set console font and keymap.
[[0;32m  OK  [0m] Created slice system-getty.slice.
[[0;32m  OK  [0m] Found device 82540EM Gigabit Ethern...r (PRO/1000 MT Desktop Adapter).
[   28.922139] cloud-init[446]: Cloud-init v. 18.5-45-g3554ffe8-0ubuntu1~16.04.1 running 'init-local' at Wed, 08 May 2019 21:22:17 +0000. Up 26.73 seconds.
[[0;32m  OK  [0m] Started Initial cloud-init job (pre-networking).
[[0;32m  OK  [0m] Reached target Network (Pre).
         Starting Raise network interfaces...
[[0;32m  OK  [0m] Started ifup for enp0s3.
[[0;32m  OK  [0m] Started Raise network interfaces.
         Starting Initial cloud-init job (metadata service crawler)...
[[0;32m  OK  [0m] Reached target Network.
[   36.067670] cloud-init[944]: Cloud-init v. 18.5-45-g3554ffe8-0ubuntu1~16.04.1 running 'init' at Wed, 08 May 2019 21:22:24 +0000. Up 33.99 seconds.
[   36.076821] cloud-init[944]: ci-info: ++++++++++++++++++++++++++++++++++++++Net device info++++++++++++++++++++++++++++++++++++++
[   36.084313] cloud-init[944]: ci-info: +--------+------+----------------------------+---------------+--------+-------------------+
[   36.092095] cloud-init[944]: ci-info: | Device |  Up  |          Address           |      Mask     | Scope  |     Hw-Address    |
[   36.102287] cloud-init[944]: ci-info: +--------+------+----------------------------+---------------+--------+-------------------+
[   36.151838] cloud-init[944]: ci-info: | enp0s3 | True |         10.0.2.15          | 255.255.255.0 | global | 02:9b:bc:73:96:26 |
[   36.178784] cloud-init[944]: ci-info: | enp0s3 | True | fe80::9b:bcff:fe73:9626/64 |       .       |  link  | 02:9b:bc:73:96:26 |
[   36.199957] cloud-init[944]: ci-info: |   lo   | True |         127.0.0.1          |   255.0.0.0   |  host  |         .         |
[   36.219153] cloud-init[944]: ci-info: |   lo   | True |          ::1/128           |       .       |  host  |         .         |
[   36.229197] cloud-init[944]: ci-info: +--------+------+----------------------------+---------------+--------+-------------------+
[   36.238427] cloud-init[944]: ci-info: +++++++++++++++++++++++++++Route IPv4 info++++++++++++++++++++++++++++
[   36.244807] cloud-init[944]: ci-info: +-------+-------------+----------+---------------+-----------+-------+
[   36.261085] cloud-init[944]: ci-info: | Route | Destination | Gateway  |    Genmask    | Interface | Flags |
[   36.271826] cloud-init[944]: ci-info: +-------+-------------+----------+---------------+-----------+-------+
[   36.283801] cloud-init[944]: ci-info: |   0   |   0.0.0.0   | 10.0.2.2 |    0.0.0.0    |   enp0s3  |   UG  |
[   36.290633] cloud-init[944]: ci-info: |   1   |   10.0.2.0  | 0.0.0.0  | 255.255.255.0 |   enp0s3  |   U   |
[   36.298073] cloud-init[944]: ci-info: +-------+-------------+----------+---------------+-----------+-------+
[   36.305180] cloud-init[944]: ci-info: +++++++++++++++++++Route IPv6 info+++++++++++++++++++
[   36.325191] cloud-init[944]: ci-info: +-------+-------------+---------+-----------+-------+
[   36.333900] cloud-init[944]: ci-info: | Route | Destination | Gateway | Interface | Flags |
[   36.344833] cloud-init[944]: ci-info: +-------+-------------+---------+-----------+-------+
[   36.350850] cloud-init[944]: ci-info: |   0   |  fe80::/64  |    ::   |   enp0s3  |   U   |
[   36.356960] cloud-init[944]: ci-info: |   4   |   ff00::/8  |    ::   |   enp0s3  |   U   |
[   36.365219] cloud-init[944]: ci-info: +-------+-------------+---------+-----------+-------+
[[0;32m  OK  [0m] Started Initial cloud-init job (metadata service crawler).
[[0;32m  OK  [0m] Reached target Network is Online.
         Starting iSCSI initiator daemon (iscsid)...
[[0;32m  OK  [0m] Reached target System Initialization.
[[0;32m  OK  [0m] Started ACPI Events Check.
[[0;32m  OK  [0m] Reached target Paths.
         Starting Socket activation for snappy daemon.
[[0;32m  OK  [0m] Listening on ACPID Listen Socket.
[[0;32m  OK  [0m] Listening on UUID daemon activation socket.
[[0;32m  OK  [0m] Started Daily apt download activities.
[[0;32m  OK  [0m] Started Daily Cleanup of Temporary Directories.
[[0;32m  OK  [0m] Started Daily apt upgrade and clean activities.
[[0;32m  OK  [0m] Reached target Timers.
[[0;32m  OK  [0m] Listening on D-Bus System Message Bus Socket.
         Starting LXD - unix socket.
[[0;32m  OK  [0m] Reached target Cloud-config availability.
[[0;32m  OK  [0m] Listening on Socket activation for snappy daemon.
[[0;32m  OK  [0m] Listening on LXD - unix socket.
[[0;32m  OK  [0m] Started iSCSI initiator daemon (iscsid).
         Starting Login to default iSCSI targets...
[[0;32m  OK  [0m] Reached target Sockets.
[[0;32m  OK  [0m] Reached target Basic System.
         Starting LSB: MD monitoring daemon...
         Starting Login Service...
[[0;32m  OK  [0m] Started ACPI event daemon.
         Starting Puppet agent...
         Starting System Logging Service...
[[0;32m  OK  [0m] Started D-Bus System Message Bus.
[[0;32m  OK  [0m] Started Deferred execution scheduler.
[[0;32m  OK  [0m] Started Regular background program processing daemon.
         Starting Virtualbox guest utils...
         Starting /etc/rc.local Compatibility...
         Starting Accounts Service...
         Starting LXD - container startup/shutdown...
         Starting LSB: Record successful boot for GRUB...
         Starting OpenBSD Secure Shell server...
[[0;32m  OK  [0m] Started FUSE filesystem for LXC.
         Starting Snappy daemon...
[[0;32m  OK  [0m] Started System Logging Service.
[[0;32m  OK  [0m] Started /etc/rc.local Compatibility.
[[0;32m  OK  [0m] Started Login Service.
[[0;32m  OK  [0m] Started Unattended Upgrades Shutdown.
[[0;32m  OK  [0m] Started Login to default iSCSI targets.
[[0;32m  OK  [0m] Reached target Remote File Systems (Pre).
[[0;32m  OK  [0m] Reached target Remote File Systems.
         Starting LSB: Set the CPU Frequency Scaling governor to "ondemand"...
         Starting LSB: daemon to balance interrupts for SMP systems...
         Starting LSB: automatic crash report generation...
         Starting Permit User Sessions...
[[0;32m  OK  [0m] Started LSB: Record successful boot for GRUB.
[[0;32m  OK  [0m] Started LSB: MD monitoring daemon.
[[0;32m  OK  [0m] Started Permit User Sessions.
         Starting Terminate Plymouth Boot Screen...
         Starting Hold until boot process finishes up...
         Starting Authenticate and Authorize Users to Run Privileged Tasks...
[[0;32m  OK  [0m] Started Terminate Plymouth Boot Screen.
[[0;32m  OK  [0m] Started Hold until boot process finishes up.
[[0;32m  OK  [0m] Started Serial Getty on ttyS0.
[[0;32m  OK  [0m] Started Getty on tty1.
[[0;32m  OK  [0m] Reached target Login Prompts.
         Starting Set console scheme...
[[0;32m  OK  [0m] Started OpenBSD Secure Shell server.
[[0;32m  OK  [0m] Started Authenticate and Authorize Users to Run Privileged Tasks.
[[0;32m  OK  [0m] Started Set console scheme.
[[0;32m  OK  [0m] Started Accounts Service.
[[0;32m  OK  [0m] Started LSB: Set the CPU Frequency Scaling governor to "ondemand".
[[0;32m  OK  [0m] Started LSB: daemon to balance interrupts for SMP systems.
[[0;32m  OK  [0m] Started LSB: automatic crash report generation.
[[0;32m  OK  [0m] Started LXD - container startup/shutdown.
[[0;32m  OK  [0m] Started Virtualbox guest utils.
[[0;32m  OK  [0m] Created slice User Slice of vagrant.
[[0;32m  OK  [0m] Started Snappy daemon.
[[0;32m  OK  [0m] Started Session 1 of user vagrant.
         Starting Wait until snapd is fully seeded...
         Starting User Manager for UID 1000...
[[0;32m  OK  [0m] Started User Manager for UID 1000.
[[0;32m  OK  [0m] Started Wait until snapd is fully seeded.
         Starting Apply the settings specified in cloud-config...
[   50.405046] cloud-init[1225]: Cloud-init v. 18.5-45-g3554ffe8-0ubuntu1~16.04.1 running 'modules:config' at Wed, 08 May 2019 21:22:39 +0000. Up 49.04 seconds.
Ubuntu 16.04.6 LTS ubuntu-xenial ttyS0

ubuntu-xenial
 login: [   59.645390] cloud-init[1392]: Cloud-init v. 18.5-45-g3554ffe8-0ubuntu1~16.04.1 running 'modules:final' at Wed, 08 May 2019 21:22:49 +0000. Up 58.90 seconds.
[   59.649301] cloud-init[1392]: Cloud-init v. 18.5-45-g3554ffe8-0ubuntu1~16.04.1 finished at Wed, 08 May 2019 21:22:50 +0000. Datasource DataSourceNoCloud [seed=/dev/sdb][dsmode=net].  Up 59.60 seconds
[[0;32m  OK  [0m] Stopped target Timers.
         Stopping User Manager for UID 1000...
[[0;32m  OK  [0m] Stopped Daily apt upgrade and clean activities.
[[0;32m  OK  [0m] Closed Load/Save RF Kill Switch Status /dev/rfkill Watch.
[[0;32m  OK  [0m] Stopped Daily apt download activities.
[[0;32m  OK  [0m] Stopped target System Time Synchronized.
[[0;32m  OK  [0m] Stopped target Cloud-init target.
[[0;32m  OK  [0m] Stopped target Graphical Interface.
[[0;32m  OK  [0m] Stopped Daily Cleanup of Temporary Directories.
         Stopping Accounts Service...
         Stopping Session 7 of user vagrant.
[[0;32m  OK  [0m] Stopped Execute cloud user/final scripts.
[[0;32m  OK  [0m] Stopped target Multi-User System.
         Stopping Puppet agent...
         Stopping LSB: automatic crash report generation...
         Stopping Virtualbox guest utils...
         Stopping D-Bus System Message Bus...
         Stopping OpenBSD Secure Shell server...
         Stopping System Logging Service...
         Stopping LSB: MD monitoring daemon...
         Stopping LXD - container startup/shutdown...
         Stopping A high performance web server and a reverse proxy server...
         Stopping LSB: Set the CPU Frequency Scaling governor to "ondemand"...
         Stopping Deferred execution scheduler...
         Stopping LSB: daemon to balance interrupts for SMP systems...
         Stopping LSB: Record successful boot for GRUB...
         Stopping FUSE filesystem for LXC...
         Stopping Regular background program processing daemon...
[[0;32m  OK  [0m] Stopped Apply the settings specified in cloud-config.
[[0;32m  OK  [0m] Stopped target Cloud-config availability.
[[0;32m  OK  [0m] Stopped Wait until snapd is fully seeded.
         Stopping Unattended Upgrades Shutdown...
    [[0;32m  OK  [0m] Unmounted /var/lib/lxcfs.
[[0;32m  OK  [0m] Stopped System Logging Service.
[[0;32m  OK  [0m] Stopped Deferred execution scheduler.
[[0;32m  OK  [0m] Stopped ACPI event daemon.
[[0;32m  OK  [0m] Stopped Regular background program processing daemon.
[[0;32m  OK  [0m] Stopped Accounts Service.
[[0;32m  OK  [0m] Stopped Authenticate and Authorize Users to Run Privileged Tasks.
[[0;32m  OK  [0m] Stopped OpenBSD Secure Shell server.
[[0;32m  OK  [0m] Stopped Serial Getty on ttyS0.
[[0;32m  OK  [0m] Stopped Getty on tty1.
[[0;32m  OK  [0m] Stopped User Manager for UID 1000.
[[0;32m  OK  [0m] Stopped Unattended Upgrades Shutdown.
[[0;32m  OK  [0m] Stopped D-Bus System Message Bus.
[[0;32m  OK  [0m] Stopped Session 7 of user vagrant.
[[0;32m  OK  [0m] Stopped FUSE filesystem for LXC.
[[0;32m  OK  [0m] Stopped A high performance web server and a reverse proxy server.
[[0;32m  OK  [0m] Stopped Puppet agent.
[[0;32m  OK  [0m] Stopped LXD - container startup/shutdown.
[[0;32m  OK  [0m] Removed slice User Slice of vagrant.
         Stopping Login Service...
[[0;32m  OK  [0m] Removed slice system-getty.slice.
[[0;32m  OK  [0m] Stopped /etc/rc.local Compatibility.
         Stopping Permit User Sessions...
[[0;32m  OK  [0m] Removed slice system-serial\x2dgetty.slice.
[[0;32m  OK  [0m] Stopped Login Service.
[[0;32m  OK  [0m] Stopped LSB: Set the CPU Frequency Scaling governor to "ondemand".
[[0;32m  OK  [0m] Stopped LSB: MD monitoring daemon.
[[0;32m  OK  [0m] Stopped LSB: Record successful boot for GRUB.
[[0;32m  OK  [0m] Stopped Virtualbox guest utils.
[[0;32m  OK  [0m] Stopped LSB: automatic crash report generation.
[[0;32m  OK  [0m] Stopped LSB: daemon to balance interrupts for SMP systems.
[[0;32m  OK  [0m] Stopped Permit User Sessions.
[[0;32m  OK  [0m] Stopped target Remote File Systems.
[[0;32m  OK  [0m] Stopped target Remote File Systems (Pre).
         Stopping Login to default iSCSI targets...
[[0;32m  OK  [0m] Stopped target Basic System.
[[0;32m  OK  [0m] Stopped target Paths.
[[0;32m  OK  [0m] Stopped ACPI Events Check.
[[0;32m  OK  [0m] Stopped Dispatch Password Requests to Console Directory Watch.
[[0;32m  OK  [0m] Stopped Forward Password Requests to Wall Directory Watch.
[[0;32m  OK  [0m] Stopped target Sockets.
[[0;32m  OK  [0m] Closed UUID daemon activation socket.
[[0;32m  OK  [0m] Closed Socket activation for snappy daemon.
[[0;32m  OK  [0m] Closed LXD - unix socket.
[[0;32m  OK  [0m] Closed Syslog Socket.
[[0;32m  OK  [0m] Closed ACPID Listen Socket.
[[0;32m  OK  [0m] Stopped target Slices.
[[0;32m  OK  [0m] Stopped target User and Group Name Lookups.
[[0;32m  OK  [0m] Closed D-Bus System Message Bus Socket.
[[0;32m  OK  [0m] Stopped target System Initialization.
         Stopping Update UTMP about System Boot/Shutdown...
[[0;32m  OK  [0m] Stopped target Swap.
[[0;32m  OK  [0m] Stopped target Encrypted Volumes.
         Stopping Load/Save Random Seed...
[[0;32m  OK  [0m] Removed slice User and Session Slice.
[[0;32m  OK  [0m] Stopped Load/Save Random Seed.
[[0;32m  OK  [0m] Stopped Update UTMP about System Boot/Shutdown.
[[0;32m  OK  [0m] Stopped Create Volatile Files and Directories.
[[0;32m  OK  [0m] Stopped Login to default iSCSI targets.
         Stopping iSCSI initiator daemon (iscsid)...
[[0;32m  OK  [0m] Stopped iSCSI initiator daemon (iscsid).
[[0;32m  OK  [0m] Stopped target Network is Online.
[[0;32m  OK  [0m] Stopped Initial cloud-init job (metadata service crawler).
[[0;32m  OK  [0m] Stopped target Network.
         Stopping Raise network interfaces...
[[0;32m  OK  [0m] Stopped Raise network interfaces.
[[0;32m  OK  [0m] Stopped target Network (Pre).
[[0;32m  OK  [0m] Stopped Initial cloud-init job (pre-networking).
[[0;32m  OK  [0m] Stopped target Local File Systems.
         Unmounting /run/user/1000...
         Unmounting /vagrant...
         Unmounting /tmp/vagrant-puppet/mani...d1078b1b1f2e3bdea27312f6ba513...
[[0;32m  OK  [0m] Stopped Apply Kernel Variables.
[[0;32m  OK  [0m] Stopped Load Kernel Modules.
[[0;32m  OK  [0m] Unmounted /run/user/1000.
[[0;32m  OK  [0m] Unmounted /vagrant.
[[0;32m  OK  [0m] Unmounted /tmp/vagrant-puppet/manif...11d1078b1b1f2e3bdea27312f6ba513.
[[0;32m  OK  [0m] Reached target Unmount 